{'extraCredit': 0,
 'fatalError': False,
 'maxExtraCredit': 0,
 'maxTotalPoints': 20,
 'messages': [],
 'mode': 'auto',
 'parts': [{'description': 'Basic test for create_nqueens_csp for n=8',
            'extraCredit': False,
            'maxPoints': 5,
            'maxSeconds': 1,
            'messages': [],
            'name': '1a-1-basic',
            'points': 5,
            'seconds': 0},
           {'description': 'Basic test for MCV with n-queens CSP',
            'extraCredit': False,
            'maxPoints': 5,
            'maxSeconds': 1,
            'messages': [],
            'name': '1b-1-basic',
            'points': 5,
            'seconds': 0},
           {'description': 'Basic test for AC-3 with n-queens CSP',
            'extraCredit': False,
            'maxPoints': 10,
            'maxSeconds': 1,
            'messages': ["Exception thrown: <type 'exceptions.TypeError'> -- revise() takes exactly 2 arguments (1 given)",
                         '  File "grader.py", line 47, in test1c_1\n    acSolver.solve(submission.create_nqueens_csp(8), ac3 = True)\n',
                         '  File "/Users/ranshihan/Coding/FDU-Artificial-Intelligence/Projects/PJ2 - N Queens/code/submission.py", line 134, in solve\n    self.backtrack({}, 0, 1)\n',
                         '  File "/Users/ranshihan/Coding/FDU-Artificial-Intelligence/Projects/PJ2 - N Queens/code/submission.py", line 203, in backtrack\n    self.arc_consistency_check(var)\n',
                         '  File "/Users/ranshihan/Coding/FDU-Artificial-Intelligence/Projects/PJ2 - N Queens/code/submission.py", line 287, in arc_consistency_check\n    if revise(queue.pop()):\n'],
            'name': '1c-1-basic',
            'points': 0,
            'seconds': 0}],
 'totalPoints': 10}
