{'extraCredit': 0,
 'fatalError': False,
 'maxExtraCredit': 0,
 'maxTotalPoints': 11,
 'messages': [],
 'mode': 'auto',
 'parts': [{'description': '',
            'extraCredit': False,
            'maxPoints': 0,
            'maxSeconds': 5,
            'messages': ["File 'car.pdf' does not exist"],
            'name': 'writeupValid',
            'points': 0,
            'seconds': 0},
           {'description': '2a basic test for emission probabilities',
            'extraCredit': False,
            'maxPoints': 2,
            'maxSeconds': 5,
            'messages': [],
            'name': '2a-0-basic',
            'points': 2,
            'seconds': 0},
           {'description': '2a test ordering of pdf',
            'extraCredit': False,
            'maxPoints': 2,
            'maxSeconds': 5,
            'messages': [],
            'name': '2a-1-hidden',
            'points': 0,
            'seconds': 0},
           {'description': '2a advanced test for emission probabilities',
            'extraCredit': False,
            'maxPoints': 3,
            'maxSeconds': 5,
            'messages': [],
            'name': '2a-2-hidden',
            'points': 0,
            'seconds': 0},
           {'description': 'test correctness of elapseTime()',
            'extraCredit': False,
            'maxPoints': 2,
            'maxSeconds': 5,
            'messages': [],
            'name': '3a-0-basic',
            'points': 2,
            'seconds': 0},
           {'description': 'advanced test for transition probabilities, strict time limit',
            'extraCredit': False,
            'maxPoints': 2,
            'maxSeconds': 5,
            'messages': [],
            'name': '3a-1i-hidden',
            'points': 0,
            'seconds': 0},
           {'description': '3a test for transition probabilities on other maps, loose time limit',
            'extraCredit': False,
            'maxPoints': 1,
            'maxSeconds': 20,
            'messages': [],
            'name': '3a-1ii-hidden',
            'points': 0,
            'seconds': 0},
           {'description': 'advanced test for emission AND transition probabilities, strict time limit',
            'extraCredit': False,
            'maxPoints': 2,
            'maxSeconds': 5,
            'messages': [],
            'name': '3a-2-hidden',
            'points': 0,
            'seconds': 0},
           {'description': '4a basic test for PF observe',
            'extraCredit': False,
            'maxPoints': 2,
            'maxSeconds': 5,
            'messages': ["Exception thrown: <type 'exceptions.Exception'> -- Not implemented yet",
                         '  File "grader.py", line 184, in test4a_0\n    pf.observe(555, 193, 800)\n',
                         '  File "/Users/ranshihan/Coding/FDU-Artificial-Intelligence/Projects/PJ4 - Car/code/submission.py", line 186, in observe\n    raise Exception("Not implemented yet")\n'],
            'name': '4a-0-basic',
            'points': 0,
            'seconds': 0},
           {'description': '4a basic test for PF elapseTime',
            'extraCredit': False,
            'maxPoints': 2,
            'maxSeconds': 5,
            'messages': ["Exception thrown: <type 'exceptions.Exception'> -- Not implemented yet",
                         '  File "grader.py", line 206, in test4a_1\n    pf.elapseTime()\n',
                         '  File "/Users/ranshihan/Coding/FDU-Artificial-Intelligence/Projects/PJ4 - Car/code/submission.py", line 212, in elapseTime\n    raise Exception("Not implemented yet")\n'],
            'name': '4a-1-basic',
            'points': 0,
            'seconds': 0},
           {'description': '4a basic test for PF observe AND elapseTime',
            'extraCredit': False,
            'maxPoints': 3,
            'maxSeconds': 5,
            'messages': ["Exception thrown: <type 'exceptions.Exception'> -- Not implemented yet",
                         '  File "grader.py", line 239, in test4a_2\n    pf.elapseTime()\n',
                         '  File "/Users/ranshihan/Coding/FDU-Artificial-Intelligence/Projects/PJ4 - Car/code/submission.py", line 212, in elapseTime\n    raise Exception("Not implemented yet")\n'],
            'name': '4a-2-basic',
            'points': 0,
            'seconds': 0},
           {'description': '4a advanced test for PF observe',
            'extraCredit': False,
            'maxPoints': 2,
            'maxSeconds': 5,
            'messages': ["Exception thrown: <type 'exceptions.Exception'> -- Not implemented yet",
                         '  File "grader.py", line 281, in test4a_3i\n    pf.observe(a, b, c)\n',
                         '  File "/Users/ranshihan/Coding/FDU-Artificial-Intelligence/Projects/PJ4 - Car/code/submission.py", line 186, in observe\n    raise Exception("Not implemented yet")\n'],
            'name': '4a-3i-hidden',
            'points': 0,
            'seconds': 0},
           {'description': '4a test for pdf ordering',
            'extraCredit': False,
            'maxPoints': 2,
            'maxSeconds': 5,
            'messages': ["Exception thrown: <type 'exceptions.Exception'> -- Not implemented yet",
                         '  File "grader.py", line 318, in test4a_3ii\n    pf.observe(a, b, c)\n',
                         '  File "/Users/ranshihan/Coding/FDU-Artificial-Intelligence/Projects/PJ4 - Car/code/submission.py", line 186, in observe\n    raise Exception("Not implemented yet")\n'],
            'name': '4a-3ii-hidden',
            'points': 0,
            'seconds': 0},
           {'description': 'advanced test for PF elapseTime',
            'extraCredit': False,
            'maxPoints': 3,
            'maxSeconds': 5,
            'messages': ["Exception thrown: <type 'exceptions.Exception'> -- Not implemented yet",
                         '  File "grader.py", line 344, in test4a_4\n    pf.elapseTime()\n',
                         '  File "/Users/ranshihan/Coding/FDU-Artificial-Intelligence/Projects/PJ4 - Car/code/submission.py", line 212, in elapseTime\n    raise Exception("Not implemented yet")\n'],
            'name': '4a-4-hidden',
            'points': 0,
            'seconds': 0},
           {'description': 'advanced test for PF observe AND elapseTime',
            'extraCredit': False,
            'maxPoints': 4,
            'maxSeconds': 5,
            'messages': ["Exception thrown: <type 'exceptions.Exception'> -- Not implemented yet",
                         '  File "grader.py", line 371, in test4a_5\n    pf.elapseTime()\n',
                         '  File "/Users/ranshihan/Coding/FDU-Artificial-Intelligence/Projects/PJ4 - Car/code/submission.py", line 212, in elapseTime\n    raise Exception("Not implemented yet")\n'],
            'name': '4a-5-hidden',
            'points': 0,
            'seconds': 0}],
 'totalPoints': 4}
