{'fatalError': False,
 'maxTotalPoints': 30,
 'messages': [],
 'mode': 'auto',
 'parts': [{'description': '',
            'extraCredit': False,
            'maxPoints': 0,
            'maxSeconds': 5,
            'messages': ["File 'blackjack.pdf' does not exist"],
            'name': 'writeupValid',
            'points': 0,
            'seconds': 0},
           {'description': 'Hidden test for CounterexampleMDP. Ensure that V[startState] is greater after noise is added.',
            'extraCredit': False,
            'maxPoints': 3,
            'maxSeconds': 5,
            'messages': [],
            'name': '2a-hidden',
            'points': 0,
            'seconds': 0},
           {'description': 'Basic test for succAndProbReward() that covers several edge cases.',
            'extraCredit': False,
            'maxPoints': 5,
            'maxSeconds': 5,
            'messages': [],
            'name': '3a-basic',
            'points': 5,
            'seconds': 0},
           {'description': 'Hidden test for ValueIteration. Run ValueIteration on BlackjackMDP, then test if V[startState] is correct.',
            'extraCredit': False,
            'maxPoints': 5,
            'maxSeconds': 5,
            'messages': [],
            'name': '3a-hidden',
            'points': 0,
            'seconds': 2},
           {'description': 'Test for peekingMDP().  Ensure that in at least 10% of states, the optimal policy is to peek.',
            'extraCredit': False,
            'maxPoints': 4,
            'maxSeconds': 5,
            'messages': [],
            'name': '3b-basic',
            'points': 4,
            'seconds': 2},
           {'description': 'Basic test for incorporateFeedback() using NumberLineMDP.',
            'extraCredit': False,
            'maxPoints': 5,
            'maxSeconds': 10,
            'messages': ["Exception thrown: <type 'exceptions.Exception'> -- Not implemented yet",
                         '  File "grader.py", line 125, in test4a\n    rl.incorporateFeedback(0, 1, 0, 1)\n',
                         '  File "/Users/ranshihan/Coding/FDU-Artificial-Intelligence/Projects/PJ3 - Blackjack/code/submission.py", line 191, in incorporateFeedback\n    raise Exception("Not implemented yet")\n'],
            'name': '4a-basic',
            'points': 0,
            'seconds': 0},
           {'description': 'Hidden test for incorporateFeedback(). Run QLearningAlgorithm on smallMDP, then ensure that getQ returns reasonable value.',
            'extraCredit': False,
            'maxPoints': 3,
            'maxSeconds': 3,
            'messages': [],
            'name': '4a-hidden',
            'points': 0,
            'seconds': 0},
           {'description': 'Basic test for blackjackFeatureExtractor.  Runs QLearningAlgorithm using blackjackFeatureExtractor, then checks to see that Q-values are correct.',
            'extraCredit': False,
            'maxPoints': 5,
            'maxSeconds': 10,
            'messages': ["Exception thrown: <type 'exceptions.Exception'> -- Not implemented yet",
                         '  File "grader.py", line 159, in test4c\n    rl.incorporateFeedback((7, None, (0, 1)), \'Quit\', 7, (7, None, None))\n',
                         '  File "/Users/ranshihan/Coding/FDU-Artificial-Intelligence/Projects/PJ3 - Blackjack/code/submission.py", line 191, in incorporateFeedback\n    raise Exception("Not implemented yet")\n'],
            'name': '4c-basic',
            'points': 0,
            'seconds': 0}],
 'totalPoints': 9}
